<?xml version="1.0" encoding="UTF-8"?>
<!-- Generated by org.testng.reporters.JUnitReportReporter -->
<testsuite hostname="DESKTOP-REJ8931" failures="0" tests="2" name="letcodepractice.WindowsDemo" time="27.993" errors="0" timestamp="2025-04-14T13:40:58 IST" skipped="0">
  <testcase classname="letcodepractice.WindowsDemo" name="handlingWindowsTestTwo" time="11.581"/>
  <testcase classname="letcodepractice.WindowsDemo" name="handlingWindowsTestOne" time="16.412"/>
</testsuite> <!-- letcodepractice.WindowsDemo -->
