<?xml version="1.0" encoding="UTF-8"?>
<testng-results ignored="0" total="2" passed="2" failed="0" skipped="0">
  <reporter-output>
  </reporter-output>
  <suite started-at="2025-04-14T13:40:30 IST" name="Default suite" finished-at="2025-04-14T13:40:58 IST" duration-ms="28171">
    <groups>
    </groups>
    <test started-at="2025-04-14T13:40:30 IST" name="Default test" finished-at="2025-04-14T13:40:58 IST" duration-ms="28171">
      <class name="letcodepractice.WindowsDemo">
        <test-method signature="handlingWindowsTestOne()[pri:0, instance:letcodepractice.WindowsDemo@2a4fb17b]" started-at="2025-04-14T13:40:30 IST" name="handlingWindowsTestOne" finished-at="2025-04-14T13:40:46 IST" duration-ms="16412" status="PASS">
          <reporter-output>
          </reporter-output>
        </test-method> <!-- handlingWindowsTestOne -->
        <test-method signature="handlingWindowsTestTwo()[pri:0, instance:letcodepractice.WindowsDemo@2a4fb17b]" started-at="2025-04-14T13:40:46 IST" name="handlingWindowsTestTwo" finished-at="2025-04-14T13:40:58 IST" duration-ms="11581" status="PASS">
          <reporter-output>
          </reporter-output>
        </test-method> <!-- handlingWindowsTestTwo -->
      </class> <!-- letcodepractice.WindowsDemo -->
    </test> <!-- Default test -->
  </suite> <!-- Default suite -->
</testng-results>
